time="2019-07-28T02:18:26+08:00" level=info msg="扫描ready topics:[dqready:testtopic1]"
time="2019-07-28T02:18:26+08:00" level=info msg="jobs1任务在ready态超时了， 30秒以后重新执行"
time="2019-07-28T02:18:26+08:00" level=info msg="jobs1任务已被移出dqready:testtopic1"
time="2019-07-28T02:18:27+08:00" level=info msg="扫描ready topics:[dqready:testtopic1]"
time="2019-07-28T02:18:27+08:00" level=info msg="jobs2任务在ready态超时了， 30秒以后重新执行"
time="2019-07-28T02:18:27+08:00" level=info msg="jobs2任务已被移出dqready:testtopic1"
time="2019-07-28T02:18:27+08:00" level=info msg="delaybucket 为空,本轮扫描结束"
time="2019-07-28T02:18:27+08:00" level=info msg="扫描ready topics:[]"
time="2019-07-28T02:18:28+08:00" level=info msg="delaybucket 为空,本轮扫描结束"
time="2019-07-28T02:18:28+08:00" level=info msg="扫描ready topics:[]"
time="2019-07-28T02:18:29+08:00" level=info msg="delaybucket 为空,本轮扫描结束"
time="2019-07-28T02:18:29+08:00" level=info msg="扫描ready topics:[]"
time="2019-07-28T02:18:30+08:00" level=info msg="delaybucket 为空,本轮扫描结束"
time="2019-07-28T02:18:30+08:00" level=info msg="扫描ready topics:[]"
time="2019-07-28T02:18:31+08:00" level=info msg="delaybucket 为空,本轮扫描结束"
time="2019-07-28T02:18:31+08:00" level=info msg="扫描ready topics:[]"
time="2019-07-28T02:18:32+08:00" level=info msg="delaybucket 为空,本轮扫描结束"
time="2019-07-28T02:18:33+08:00" level=info msg="扫描ready topics:[]"
time="2019-07-28T02:18:33+08:00" level=info msg="delaybucket 为空,本轮扫描结束"
time="2019-07-28T02:18:33+08:00" level=info msg="扫描ready topics:[]"
time="2019-07-28T02:18:34+08:00" level=info msg="delaybucket 为空,本轮扫描结束"
time="2019-07-28T02:18:35+08:00" level=info msg="扫描ready topics:[]"
time="2019-07-28T02:18:35+08:00" level=info msg="delaybucket 为空,本轮扫描结束"
time="2019-07-28T02:18:35+08:00" level=info msg="扫描ready topics:[]"
time="2019-07-28T02:18:36+08:00" level=info msg="delaybucket 为空,本轮扫描结束"
time="2019-07-28T02:18:36+08:00" level=info msg="扫描ready topics:[]"
time="2019-07-28T02:18:37+08:00" level=info msg="delaybucket 为空,本轮扫描结束"
time="2019-07-28T02:18:37+08:00" level=info msg="扫描ready topics:[]"
time="2019-07-28T02:18:38+08:00" level=info msg="delaybucket 为空,本轮扫描结束"
time="2019-07-28T02:18:38+08:00" level=info msg="扫描ready topics:[]"
time="2019-07-28T02:18:39+08:00" level=info msg="delaybucket 为空,本轮扫描结束"
time="2019-07-28T02:18:39+08:00" level=info msg="扫描ready topics:[]"
time="2019-07-28T02:18:40+08:00" level=info msg="delaybucket 为空,本轮扫描结束"
time="2019-07-28T02:18:40+08:00" level=info msg="扫描ready topics:[]"
time="2019-07-28T02:18:41+08:00" level=info msg="delaybucket 为空,本轮扫描结束"
time="2019-07-28T02:18:41+08:00" level=info msg="扫描ready topics:[]"
time="2019-07-28T02:18:42+08:00" level=info msg="delaybucket 为空,本轮扫描结束"
time="2019-07-28T02:18:42+08:00" level=info msg="扫描ready topics:[]"
time="2019-07-28T02:18:43+08:00" level=info msg="delaybucket 为空,本轮扫描结束"
time="2019-07-28T02:18:43+08:00" level=info msg="扫描ready topics:[]"
time="2019-07-28T02:18:44+08:00" level=info msg="delaybucket 为空,本轮扫描结束"
time="2019-07-28T02:18:44+08:00" level=info msg="扫描ready topics:[]"
time="2019-07-28T02:18:45+08:00" level=info msg="delaybucket 为空,本轮扫描结束"
time="2019-07-28T02:18:45+08:00" level=info msg="扫描ready topics:[]"
time="2019-07-28T02:18:46+08:00" level=info msg="delaybucket 为空,本轮扫描结束"
time="2019-07-28T02:18:46+08:00" level=info msg="扫描ready topics:[]"
time="2019-07-28T02:18:47+08:00" level=info msg="delaybucket 为空,本轮扫描结束"
time="2019-07-28T02:18:47+08:00" level=info msg="扫描ready topics:[]"
time="2019-07-28T02:18:48+08:00" level=info msg="delaybucket 为空,本轮扫描结束"
time="2019-07-28T02:18:48+08:00" level=info msg="扫描ready topics:[]"
time="2019-07-28T02:18:49+08:00" level=info msg="delaybucket 为空,本轮扫描结束"
time="2019-07-28T02:18:49+08:00" level=info msg="扫描ready topics:[]"
time="2019-07-28T02:18:50+08:00" level=info msg="delaybucket 为空,本轮扫描结束"
time="2019-07-28T02:18:50+08:00" level=info msg="扫描ready topics:[]"
time="2019-07-28T02:18:51+08:00" level=info msg="delaybucket 为空,本轮扫描结束"
time="2019-07-28T02:18:51+08:00" level=info msg="扫描ready topics:[]"
time="2019-07-28T02:18:52+08:00" level=info msg="delaybucket 为空,本轮扫描结束"
time="2019-07-28T02:18:52+08:00" level=info msg="扫描ready topics:[]"
time="2019-07-28T02:18:53+08:00" level=info msg="delaybucket 为空,本轮扫描结束"
time="2019-07-28T02:18:54+08:00" level=info msg="扫描ready topics:[]"
time="2019-07-28T02:18:54+08:00" level=info msg="delaybucket 为空,本轮扫描结束"
time="2019-07-28T02:18:54+08:00" level=info msg="扫描ready topics:[]"
time="2019-07-28T02:18:55+08:00" level=info msg="delaybucket 为空,本轮扫描结束"
time="2019-07-28T02:18:55+08:00" level=info msg="扫描ready topics:[]"
time="2019-07-28T02:18:57+08:00" level=info msg="扫描ready topics:[dqready:testtopic1]"
time="2019-07-28T02:18:58+08:00" level=info msg="扫描ready topics:[dqready:testtopic1]"
time="2019-07-28T02:18:58+08:00" level=info msg="delaybucket 为空,本轮扫描结束"
time="2019-07-28T02:18:58+08:00" level=info msg="扫描ready topics:[dqready:testtopic1]"
time="2019-07-28T02:19:00+08:00" level=info msg="delaybucket 为空,本轮扫描结束"
time="2019-07-28T02:19:00+08:00" level=info msg="扫描ready topics:[dqready:testtopic1]"
time="2019-07-28T02:19:00+08:00" level=info msg="delaybucket 为空,本轮扫描结束"
time="2019-07-28T02:19:01+08:00" level=info msg="扫描ready topics:[dqready:testtopic1]"
time="2019-07-28T02:19:01+08:00" level=info msg="delaybucket 为空,本轮扫描结束"
time="2019-07-28T02:19:01+08:00" level=info msg="扫描ready topics:[dqready:testtopic1]"
time="2019-07-28T02:19:02+08:00" level=info msg="delaybucket 为空,本轮扫描结束"
time="2019-07-28T02:19:02+08:00" level=info msg="扫描ready topics:[dqready:testtopic1]"
time="2019-07-28T02:19:03+08:00" level=info msg="delaybucket 为空,本轮扫描结束"
time="2019-07-28T02:19:03+08:00" level=info msg="扫描ready topics:[dqready:testtopic1]"
time="2019-07-28T02:19:04+08:00" level=info msg="delaybucket 为空,本轮扫描结束"
time="2019-07-28T02:19:04+08:00" level=info msg="扫描ready topics:[dqready:testtopic1]"
time="2019-07-28T02:19:06+08:00" level=info msg="delaybucket 为空,本轮扫描结束"
time="2019-07-28T02:19:06+08:00" level=info msg="扫描ready topics:[dqready:testtopic1]"
time="2019-07-28T02:19:07+08:00" level=info msg="delaybucket 为空,本轮扫描结束"
time="2019-07-28T02:19:07+08:00" level=info msg="扫描ready topics:[dqready:testtopic1]"
time="2019-07-28T02:19:07+08:00" level=info msg="delaybucket 为空,本轮扫描结束"
time="2019-07-28T02:19:07+08:00" level=info msg="扫描ready topics:[dqready:testtopic1]"
time="2019-07-28T02:19:08+08:00" level=info msg="delaybucket 为空,本轮扫描结束"
time="2019-07-28T02:19:08+08:00" level=info msg="扫描ready topics:[dqready:testtopic1]"
time="2019-07-28T02:19:09+08:00" level=info msg="delaybucket 为空,本轮扫描结束"
time="2019-07-28T02:19:09+08:00" level=info msg="扫描ready topics:[dqready:testtopic1]"
time="2019-07-28T02:19:10+08:00" level=info msg="delaybucket 为空,本轮扫描结束"
time="2019-07-28T02:19:10+08:00" level=info msg="扫描ready topics:[dqready:testtopic1]"
time="2019-07-28T02:19:11+08:00" level=info msg="delaybucket 为空,本轮扫描结束"
time="2019-07-28T02:19:11+08:00" level=info msg="扫描ready topics:[dqready:testtopic1]"
time="2019-07-28T02:19:12+08:00" level=info msg="delaybucket 为空,本轮扫描结束"
time="2019-07-28T02:19:12+08:00" level=info msg="扫描ready topics:[dqready:testtopic1]"
time="2019-07-28T02:19:13+08:00" level=info msg="delaybucket 为空,本轮扫描结束"
time="2019-07-28T02:19:13+08:00" level=info msg="扫描ready topics:[dqready:testtopic1]"
time="2019-07-28T02:19:14+08:00" level=info msg="delaybucket 为空,本轮扫描结束"
time="2019-07-28T02:19:15+08:00" level=info msg="扫描ready topics:[dqready:testtopic1]"
time="2019-07-28T02:19:15+08:00" level=info msg="delaybucket 为空,本轮扫描结束"
time="2019-07-28T02:19:15+08:00" level=info msg="扫描ready topics:[dqready:testtopic1]"
time="2019-07-28T02:19:16+08:00" level=info msg="delaybucket 为空,本轮扫描结束"
time="2019-07-28T02:19:16+08:00" level=info msg="扫描ready topics:[dqready:testtopic1]"
time="2019-07-28T02:19:18+08:00" level=info msg="delaybucket 为空,本轮扫描结束"
time="2019-07-28T02:19:18+08:00" level=info msg="扫描ready topics:[dqready:testtopic1]"
time="2019-07-28T02:19:18+08:00" level=info msg="delaybucket 为空,本轮扫描结束"
time="2019-07-28T02:19:18+08:00" level=info msg="扫描ready topics:[dqready:testtopic1]"
time="2019-07-28T02:19:19+08:00" level=info msg="delaybucket 为空,本轮扫描结束"
time="2019-07-28T02:19:19+08:00" level=info msg="扫描ready topics:[dqready:testtopic1]"
time="2019-07-28T02:19:20+08:00" level=info msg="delaybucket 为空,本轮扫描结束"
time="2019-07-28T02:19:20+08:00" level=info msg="扫描ready topics:[dqready:testtopic1]"
time="2019-07-28T02:19:21+08:00" level=info msg="delaybucket 为空,本轮扫描结束"
time="2019-07-28T02:19:22+08:00" level=info msg="扫描ready topics:[dqready:testtopic1]"
time="2019-07-28T02:19:22+08:00" level=info msg="delaybucket 为空,本轮扫描结束"
time="2019-07-28T02:19:22+08:00" level=info msg="扫描ready topics:[dqready:testtopic1]"
time="2019-07-28T02:19:23+08:00" level=info msg="delaybucket 为空,本轮扫描结束"
time="2019-07-28T02:19:23+08:00" level=info msg="扫描ready topics:[dqready:testtopic1]"
time="2019-07-28T02:19:24+08:00" level=info msg="delaybucket 为空,本轮扫描结束"
time="2019-07-28T02:19:24+08:00" level=info msg="扫描ready topics:[dqready:testtopic1]"
time="2019-07-28T02:19:25+08:00" level=info msg="delaybucket 为空,本轮扫描结束"
time="2019-07-28T02:19:26+08:00" level=info msg="扫描ready topics:[dqready:testtopic1]"
time="2019-07-28T02:19:26+08:00" level=info msg="delaybucket 为空,本轮扫描结束"
time="2019-07-28T02:19:26+08:00" level=info msg="扫描ready topics:[dqready:testtopic1]"
time="2019-07-28T02:19:27+08:00" level=info msg="jobs1任务在ready态超时了， 30秒以后重新执行"
time="2019-07-28T02:19:27+08:00" level=info msg="jobs1任务已被移出dqready:testtopic1"
time="2019-07-28T02:19:27+08:00" level=info msg="delaybucket 为空,本轮扫描结束"
time="2019-07-28T02:19:27+08:00" level=info msg="扫描ready topics:[dqready:testtopic1]"
time="2019-07-28T02:19:28+08:00" level=info msg="jobs2任务在ready态超时了， 30秒以后重新执行"
time="2019-07-28T02:19:28+08:00" level=info msg="jobs2任务已被移出dqready:testtopic1"
time="2019-07-28T02:19:28+08:00" level=info msg="delaybucket 为空,本轮扫描结束"
time="2019-07-28T02:19:28+08:00" level=info msg="扫描ready topics:[]"
time="2019-07-28T02:19:29+08:00" level=info msg="delaybucket 为空,本轮扫描结束"
time="2019-07-28T02:19:29+08:00" level=info msg="扫描ready topics:[]"
time="2019-07-28T02:19:30+08:00" level=info msg="delaybucket 为空,本轮扫描结束"
time="2019-07-28T02:19:30+08:00" level=info msg="扫描ready topics:[]"
time="2019-07-28T02:19:31+08:00" level=info msg="delaybucket 为空,本轮扫描结束"
time="2019-07-28T02:19:31+08:00" level=info msg="扫描ready topics:[]"
time="2019-07-28T02:19:32+08:00" level=info msg="delaybucket 为空,本轮扫描结束"
time="2019-07-28T02:19:32+08:00" level=info msg="扫描ready topics:[]"
time="2019-07-28T02:19:33+08:00" level=info msg="delaybucket 为空,本轮扫描结束"
time="2019-07-28T02:19:33+08:00" level=info msg="扫描ready topics:[]"
time="2019-07-28T02:19:34+08:00" level=info msg="delaybucket 为空,本轮扫描结束"
time="2019-07-28T02:19:34+08:00" level=info msg="扫描ready topics:[]"
time="2019-07-28T02:19:35+08:00" level=info msg="delaybucket 为空,本轮扫描结束"
time="2019-07-28T02:19:35+08:00" level=info msg="扫描ready topics:[]"
time="2019-07-28T02:19:36+08:00" level=info msg="delaybucket 为空,本轮扫描结束"
time="2019-07-28T02:19:37+08:00" level=info msg="扫描ready topics:[]"
time="2019-07-28T02:19:37+08:00" level=info msg="delaybucket 为空,本轮扫描结束"
time="2019-07-28T02:19:37+08:00" level=info msg="扫描ready topics:[]"
time="2019-07-28T02:19:38+08:00" level=info msg="delaybucket 为空,本轮扫描结束"
time="2019-07-28T02:19:38+08:00" level=info msg="扫描ready topics:[]"
time="2019-07-28T02:19:39+08:00" level=info msg="delaybucket 为空,本轮扫描结束"
time="2019-07-28T02:19:39+08:00" level=info msg="扫描ready topics:[]"
time="2019-07-28T02:19:40+08:00" level=info msg="delaybucket 为空,本轮扫描结束"
time="2019-07-28T02:19:40+08:00" level=info msg="扫描ready topics:[]"
time="2019-07-28T02:19:41+08:00" level=info msg="DelayQ收到停止信号，扫瞄中止"
time="2019-07-28T02:19:41+08:00" level=info msg="任务池扫瞄结束!"
